
61. Printing statistics.

=== counter_32_bit_up_down ===

   Number of wires:                152
   Number of wire bits:            183
   Number of public wires:           4
   Number of public wire bits:      35
   Number of memories:               0
   Number of memory bits:            0
   Number of processes:              0
   Number of cells:                180
     sky130_fd_sc_hd__a21bo_2        2
     sky130_fd_sc_hd__a21o_2         4
     sky130_fd_sc_hd__a21oi_2        6
     sky130_fd_sc_hd__a221o_2        1
     sky130_fd_sc_hd__a31o_2         9
     sky130_fd_sc_hd__a41o_2         4
     sky130_fd_sc_hd__and2_2         1
     sky130_fd_sc_hd__and3_2         3
     sky130_fd_sc_hd__and4_2         9
     sky130_fd_sc_hd__buf_1          8
     sky130_fd_sc_hd__dfrtp_2       32
     sky130_fd_sc_hd__inv_2          3
     sky130_fd_sc_hd__mux2_2         5
     sky130_fd_sc_hd__nand2_2       14
     sky130_fd_sc_hd__nand3_2        2
     sky130_fd_sc_hd__nand4_2        2
     sky130_fd_sc_hd__nor2_2         4
     sky130_fd_sc_hd__nor3_2         2
     sky130_fd_sc_hd__o21a_2         4
     sky130_fd_sc_hd__o21ai_2        4
     sky130_fd_sc_hd__o22a_2         3
     sky130_fd_sc_hd__o31ai_2        1
     sky130_fd_sc_hd__or2_2         15
     sky130_fd_sc_hd__or3_2          6
     sky130_fd_sc_hd__or4_2         10
     sky130_fd_sc_hd__xnor2_2       16
     sky130_fd_sc_hd__xor2_2        10

   Chip area for module '\counter_32_bit_up_down': 2240.899200

